<?xml version="1.0" encoding="UTF-8"?>
<!-- Generated by org.testng.reporters.JUnitXMLReporter -->
<testsuite hostname="sairam-PC" ignored="0" name="Webdriver" tests="3" failures="1" timestamp="05 Aug 2018 02:55:57 GMT" time="34.295" errors="0">
  <testcase name="verfiytitle" time="0.012" classname="TestNG.NewTest2"/>
  <testcase name="verfiyurl" time="0.012" classname="TestNG.NewTest2">
    <failure type="java.lang.AssertionError" message="expected [edureka] but found [https://www.edureka.co/]">
      <![CDATA[java.lang.AssertionError: expected [edureka] but found [https://www.edureka.co/]
at TestNG.NewTest2.verfiyurl(NewTest2.java:35)
... Removed 31 stack frames]]>
    </failure>
  </testcase> <!-- verfiyurl -->
  <testcase name="verifytitle1" time="12.828" classname="TestNG.NewTest3"/>
</testsuite> <!-- Webdriver -->
